2025-08-30 02:33:38 [main] INFO  c.t.s.SensorDataInterpreterApplication - Starting SensorDataInterpreterApplication using Java 21.0.8 with PID 25464 (D:\personal\interview\turkishTech\sensor-data-interpreter\target\classes started by omer.yusufoglu in D:\personal\interview\turkishTech\sensor-data-interpreter)
2025-08-30 02:33:38 [main] INFO  c.t.s.SensorDataInterpreterApplication - No active profile set, falling back to 1 default profile: "default"
2025-08-30 02:33:39 [main] INFO  o.s.d.r.c.RepositoryConfigurationDelegate - Bootstrapping Spring Data JPA repositories in DEFAULT mode.
2025-08-30 02:33:39 [main] INFO  o.s.d.r.c.RepositoryConfigurationDelegate - Finished Spring Data repository scanning in 28 ms. Found 1 JPA repository interface.
2025-08-30 02:33:39 [main] INFO  o.s.d.r.c.RepositoryConfigurationDelegate - Bootstrapping Spring Data JPA repositories in DEFAULT mode.
2025-08-30 02:33:39 [main] INFO  o.s.d.r.c.RepositoryConfigurationDelegate - Finished Spring Data repository scanning in 6 ms. Found 2 JPA repository interfaces.
2025-08-30 02:33:40 [main] INFO  o.s.b.w.e.tomcat.TomcatWebServer - Tomcat initialized with port 8080 (http)
2025-08-30 02:33:40 [main] INFO  o.a.coyote.http11.Http11NioProtocol - Initializing ProtocolHandler ["http-nio-8080"]
2025-08-30 02:33:40 [main] INFO  o.a.catalina.core.StandardService - Starting service [Tomcat]
2025-08-30 02:33:40 [main] INFO  o.a.catalina.core.StandardEngine - Starting Servlet engine: [Apache Tomcat/10.1.44]
2025-08-30 02:33:40 [main] INFO  o.a.c.c.C.[Tomcat].[localhost].[/] - Initializing Spring embedded WebApplicationContext
2025-08-30 02:33:40 [main] INFO  o.s.b.w.s.c.ServletWebServerApplicationContext - Root WebApplicationContext: initialization completed in 1495 ms
2025-08-30 02:33:40 [main] INFO  o.h.jpa.internal.util.LogHelper - HHH000204: Processing PersistenceUnitInfo [name: default]
2025-08-30 02:33:40 [main] INFO  org.hibernate.Version - HHH000412: Hibernate ORM core version 6.6.26.Final
2025-08-30 02:33:40 [main] INFO  o.h.c.i.RegionFactoryInitiator - HHH000026: Second-level cache disabled
2025-08-30 02:33:40 [main] INFO  o.s.o.j.p.SpringPersistenceUnitInfo - No LoadTimeWeaver setup: ignoring JPA class transformer
2025-08-30 02:33:40 [main] INFO  com.zaxxer.hikari.HikariDataSource - HikariPool-1 - Starting...
2025-08-30 02:33:41 [main] INFO  com.zaxxer.hikari.pool.HikariPool - HikariPool-1 - Added connection org.postgresql.jdbc.PgConnection@583030bd
2025-08-30 02:33:41 [main] INFO  com.zaxxer.hikari.HikariDataSource - HikariPool-1 - Start completed.
2025-08-30 02:33:41 [main] INFO  o.hibernate.orm.connections.pooling - HHH10001005: Database info:
	Database JDBC URL [Connecting through datasource 'HikariDataSource (HikariPool-1)']
	Database driver: undefined/unknown
	Database version: 14.19
	Autocommit mode: undefined/unknown
	Isolation level: undefined/unknown
	Minimum pool size: undefined/unknown
	Maximum pool size: undefined/unknown
2025-08-30 02:33:41 [main] INFO  o.h.e.t.j.p.i.JtaPlatformInitiator - HHH000489: No JTA platform available (set 'hibernate.transaction.jta.platform' to enable JTA platform integration)
2025-08-30 02:33:41 [main] INFO  o.s.o.j.LocalContainerEntityManagerFactoryBean - Initialized JPA EntityManagerFactory for persistence unit 'default'
2025-08-30 02:33:41 [main] INFO  o.h.jpa.internal.util.LogHelper - HHH000204: Processing PersistenceUnitInfo [name: default]
2025-08-30 02:33:41 [main] INFO  o.h.c.i.RegionFactoryInitiator - HHH000026: Second-level cache disabled
2025-08-30 02:33:41 [main] INFO  o.s.o.j.p.SpringPersistenceUnitInfo - No LoadTimeWeaver setup: ignoring JPA class transformer
2025-08-30 02:33:41 [main] INFO  com.zaxxer.hikari.HikariDataSource - HikariPool-2 - Starting...
2025-08-30 02:33:41 [main] INFO  com.zaxxer.hikari.pool.HikariPool - HikariPool-2 - Added connection org.postgresql.jdbc.PgConnection@3054cdd3
2025-08-30 02:33:41 [main] INFO  com.zaxxer.hikari.HikariDataSource - HikariPool-2 - Start completed.
2025-08-30 02:33:41 [main] INFO  o.hibernate.orm.connections.pooling - HHH10001005: Database info:
	Database JDBC URL [Connecting through datasource 'HikariDataSource (HikariPool-2)']
	Database driver: undefined/unknown
	Database version: 14.19
	Autocommit mode: undefined/unknown
	Isolation level: undefined/unknown
	Minimum pool size: undefined/unknown
	Maximum pool size: undefined/unknown
2025-08-30 02:33:41 [main] INFO  o.h.e.t.j.p.i.JtaPlatformInitiator - HHH000489: No JTA platform available (set 'hibernate.transaction.jta.platform' to enable JTA platform integration)
2025-08-30 02:33:41 [main] INFO  o.s.o.j.LocalContainerEntityManagerFactoryBean - Initialized JPA EntityManagerFactory for persistence unit 'default'
2025-08-30 02:33:42 [main] WARN  o.s.b.a.o.j.JpaBaseConfiguration$JpaWebConfiguration - spring.jpa.open-in-view is enabled by default. Therefore, database queries may be performed during view rendering. Explicitly configure spring.jpa.open-in-view to disable this warning
2025-08-30 02:33:42 [main] INFO  o.s.v.b.OptionalValidatorFactoryBean - Failed to set up a Bean Validation provider: jakarta.validation.NoProviderFoundException: Unable to create a Configuration, because no Jakarta Bean Validation provider could be found. Add a provider like Hibernate Validator (RI) to your classpath.
2025-08-30 02:33:43 [main] INFO  o.s.b.a.e.web.EndpointLinksResolver - Exposing 6 endpoints beneath base path '/actuator'
2025-08-30 02:33:43 [main] INFO  o.a.coyote.http11.Http11NioProtocol - Starting ProtocolHandler ["http-nio-8080"]
2025-08-30 02:33:43 [main] INFO  o.s.b.w.e.tomcat.TomcatWebServer - Tomcat started on port 8080 (http) with context path '/'
2025-08-30 02:33:43 [main] INFO  o.a.k.c.consumer.ConsumerConfig - ConsumerConfig values: 
	allow.auto.create.topics = true
	auto.commit.interval.ms = 5000
	auto.include.jmx.reporter = true
	auto.offset.reset = latest
	bootstrap.servers = [localhost:9092]
	check.crcs = true
	client.dns.lookup = use_all_dns_ips
	client.id = consumer-sensor_data_interpreter_group-1
	client.rack = 
	connections.max.idle.ms = 540000
	default.api.timeout.ms = 60000
	enable.auto.commit = false
	enable.metrics.push = true
	exclude.internal.topics = true
	fetch.max.bytes = 52428800
	fetch.max.wait.ms = 500
	fetch.min.bytes = 1
	group.id = sensor_data_interpreter_group
	group.instance.id = null
	group.protocol = classic
	group.remote.assignor = null
	heartbeat.interval.ms = 3000
	interceptor.classes = []
	internal.leave.group.on.close = true
	internal.throw.on.fetch.stable.offset.unsupported = false
	isolation.level = read_uncommitted
	key.deserializer = class org.apache.kafka.common.serialization.StringDeserializer
	max.partition.fetch.bytes = 1048576
	max.poll.interval.ms = 300000
	max.poll.records = 500
	metadata.max.age.ms = 300000
	metadata.recovery.strategy = none
	metric.reporters = []
	metrics.num.samples = 2
	metrics.recording.level = INFO
	metrics.sample.window.ms = 30000
	partition.assignment.strategy = [class org.apache.kafka.clients.consumer.RangeAssignor, class org.apache.kafka.clients.consumer.CooperativeStickyAssignor]
	receive.buffer.bytes = 65536
	reconnect.backoff.max.ms = 1000
	reconnect.backoff.ms = 50
	request.timeout.ms = 30000
	retry.backoff.max.ms = 1000
	retry.backoff.ms = 100
	sasl.client.callback.handler.class = null
	sasl.jaas.config = null
	sasl.kerberos.kinit.cmd = /usr/bin/kinit
	sasl.kerberos.min.time.before.relogin = 60000
	sasl.kerberos.service.name = null
	sasl.kerberos.ticket.renew.jitter = 0.05
	sasl.kerberos.ticket.renew.window.factor = 0.8
	sasl.login.callback.handler.class = null
	sasl.login.class = null
	sasl.login.connect.timeout.ms = null
	sasl.login.read.timeout.ms = null
	sasl.login.refresh.buffer.seconds = 300
	sasl.login.refresh.min.period.seconds = 60
	sasl.login.refresh.window.factor = 0.8
	sasl.login.refresh.window.jitter = 0.05
	sasl.login.retry.backoff.max.ms = 10000
	sasl.login.retry.backoff.ms = 100
	sasl.mechanism = GSSAPI
	sasl.oauthbearer.clock.skew.seconds = 30
	sasl.oauthbearer.expected.audience = null
	sasl.oauthbearer.expected.issuer = null
	sasl.oauthbearer.header.urlencode = false
	sasl.oauthbearer.jwks.endpoint.refresh.ms = 3600000
	sasl.oauthbearer.jwks.endpoint.retry.backoff.max.ms = 10000
	sasl.oauthbearer.jwks.endpoint.retry.backoff.ms = 100
	sasl.oauthbearer.jwks.endpoint.url = null
	sasl.oauthbearer.scope.claim.name = scope
	sasl.oauthbearer.sub.claim.name = sub
	sasl.oauthbearer.token.endpoint.url = null
	security.protocol = PLAINTEXT
	security.providers = null
	send.buffer.bytes = 131072
	session.timeout.ms = 45000
	socket.connection.setup.timeout.max.ms = 30000
	socket.connection.setup.timeout.ms = 10000
	ssl.cipher.suites = null
	ssl.enabled.protocols = [TLSv1.2, TLSv1.3]
	ssl.endpoint.identification.algorithm = https
	ssl.engine.factory.class = null
	ssl.key.password = null
	ssl.keymanager.algorithm = SunX509
	ssl.keystore.certificate.chain = null
	ssl.keystore.key = null
	ssl.keystore.location = null
	ssl.keystore.password = null
	ssl.keystore.type = JKS
	ssl.protocol = TLSv1.3
	ssl.provider = null
	ssl.secure.random.implementation = null
	ssl.trustmanager.algorithm = PKIX
	ssl.truststore.certificates = null
	ssl.truststore.location = null
	ssl.truststore.password = null
	ssl.truststore.type = JKS
	value.deserializer = class org.springframework.kafka.support.serializer.JsonDeserializer

2025-08-30 02:33:43 [main] INFO  o.a.k.c.t.i.KafkaMetricsCollector - initializing Kafka metrics collector
2025-08-30 02:33:43 [main] INFO  o.a.kafka.common.utils.AppInfoParser - Kafka version: 3.9.1
2025-08-30 02:33:43 [main] INFO  o.a.kafka.common.utils.AppInfoParser - Kafka commitId: f745dfdcee2b9851
2025-08-30 02:33:43 [main] INFO  o.a.kafka.common.utils.AppInfoParser - Kafka startTimeMs: 1756510423355
2025-08-30 02:33:43 [main] INFO  o.a.k.c.c.i.ClassicKafkaConsumer - [Consumer clientId=consumer-sensor_data_interpreter_group-1, groupId=sensor_data_interpreter_group] Subscribed to topic(s): turkish-cargo-sensors
2025-08-30 02:33:43 [main] INFO  c.t.s.SensorDataInterpreterApplication - Started SensorDataInterpreterApplication in 5.323 seconds (process running for 6.161)
2025-08-30 02:33:43 [org.springframework.kafka.KafkaListenerEndpointContainer#0-0-C-1] INFO  org.apache.kafka.clients.Metadata - [Consumer clientId=consumer-sensor_data_interpreter_group-1, groupId=sensor_data_interpreter_group] Cluster ID: 5o6NDfBgTQu3214k8Sfbkw
2025-08-30 02:33:43 [org.springframework.kafka.KafkaListenerEndpointContainer#0-0-C-1] INFO  o.a.k.c.c.i.ConsumerCoordinator - [Consumer clientId=consumer-sensor_data_interpreter_group-1, groupId=sensor_data_interpreter_group] Discovered group coordinator localhost:9092 (id: 2147483646 rack: null)
2025-08-30 02:33:43 [org.springframework.kafka.KafkaListenerEndpointContainer#0-0-C-1] INFO  o.a.k.c.c.i.ConsumerCoordinator - [Consumer clientId=consumer-sensor_data_interpreter_group-1, groupId=sensor_data_interpreter_group] (Re-)joining group
2025-08-30 02:33:43 [org.springframework.kafka.KafkaListenerEndpointContainer#0-0-C-1] INFO  o.a.k.c.c.i.ConsumerCoordinator - [Consumer clientId=consumer-sensor_data_interpreter_group-1, groupId=sensor_data_interpreter_group] Request joining group due to: need to re-join with the given member-id: consumer-sensor_data_interpreter_group-1-ebd74ac9-f450-4511-aa31-e2dc881f1b87
2025-08-30 02:33:43 [org.springframework.kafka.KafkaListenerEndpointContainer#0-0-C-1] INFO  o.a.k.c.c.i.ConsumerCoordinator - [Consumer clientId=consumer-sensor_data_interpreter_group-1, groupId=sensor_data_interpreter_group] (Re-)joining group
2025-08-30 02:33:43 [RMI TCP Connection(2)-192.168.1.7] INFO  o.a.c.c.C.[Tomcat].[localhost].[/] - Initializing Spring DispatcherServlet 'dispatcherServlet'
2025-08-30 02:33:43 [RMI TCP Connection(2)-192.168.1.7] INFO  o.s.web.servlet.DispatcherServlet - Initializing Servlet 'dispatcherServlet'
2025-08-30 02:33:43 [RMI TCP Connection(2)-192.168.1.7] INFO  o.s.web.servlet.DispatcherServlet - Completed initialization in 3 ms
2025-08-30 02:33:46 [org.springframework.kafka.KafkaListenerEndpointContainer#0-0-C-1] INFO  o.a.k.c.c.i.ConsumerCoordinator - [Consumer clientId=consumer-sensor_data_interpreter_group-1, groupId=sensor_data_interpreter_group] Successfully joined group with generation Generation{generationId=7, memberId='consumer-sensor_data_interpreter_group-1-ebd74ac9-f450-4511-aa31-e2dc881f1b87', protocol='range'}
2025-08-30 02:33:46 [org.springframework.kafka.KafkaListenerEndpointContainer#0-0-C-1] INFO  o.a.k.c.c.i.ConsumerCoordinator - [Consumer clientId=consumer-sensor_data_interpreter_group-1, groupId=sensor_data_interpreter_group] Finished assignment for group at generation 7: {consumer-sensor_data_interpreter_group-1-ebd74ac9-f450-4511-aa31-e2dc881f1b87=Assignment(partitions=[turkish-cargo-sensors-0])}
2025-08-30 02:33:46 [org.springframework.kafka.KafkaListenerEndpointContainer#0-0-C-1] INFO  o.a.k.c.c.i.ConsumerCoordinator - [Consumer clientId=consumer-sensor_data_interpreter_group-1, groupId=sensor_data_interpreter_group] Successfully synced group in generation Generation{generationId=7, memberId='consumer-sensor_data_interpreter_group-1-ebd74ac9-f450-4511-aa31-e2dc881f1b87', protocol='range'}
2025-08-30 02:33:46 [org.springframework.kafka.KafkaListenerEndpointContainer#0-0-C-1] INFO  o.a.k.c.c.i.ConsumerCoordinator - [Consumer clientId=consumer-sensor_data_interpreter_group-1, groupId=sensor_data_interpreter_group] Notifying assignor about the new Assignment(partitions=[turkish-cargo-sensors-0])
2025-08-30 02:33:46 [org.springframework.kafka.KafkaListenerEndpointContainer#0-0-C-1] INFO  o.a.k.c.c.i.ConsumerRebalanceListenerInvoker - [Consumer clientId=consumer-sensor_data_interpreter_group-1, groupId=sensor_data_interpreter_group] Adding newly assigned partitions: turkish-cargo-sensors-0
2025-08-30 02:33:46 [org.springframework.kafka.KafkaListenerEndpointContainer#0-0-C-1] INFO  o.a.k.c.c.internals.ConsumerUtils - Setting offset for partition turkish-cargo-sensors-0 to the committed offset FetchPosition{offset=100, offsetEpoch=Optional.empty, currentLeader=LeaderAndEpoch{leader=Optional[localhost:9092 (id: 1 rack: null)], epoch=0}}
2025-08-30 02:33:46 [org.springframework.kafka.KafkaListenerEndpointContainer#0-0-C-1] INFO  o.s.k.l.KafkaMessageListenerContainer - sensor_data_interpreter_group: partitions assigned: [turkish-cargo-sensors-0]
2025-08-30 02:34:54 [http-nio-8080-exec-74] INFO  o.a.k.c.producer.ProducerConfig - ProducerConfig values: 
	acks = -1
	auto.include.jmx.reporter = true
	batch.size = 16384
	bootstrap.servers = [localhost:9092]
	buffer.memory = 33554432
	client.dns.lookup = use_all_dns_ips
	client.id = producer-1
	compression.gzip.level = -1
	compression.lz4.level = 9
	compression.type = none
	compression.zstd.level = 3
	connections.max.idle.ms = 540000
	delivery.timeout.ms = 120000
	enable.idempotence = true
	enable.metrics.push = true
	interceptor.classes = []
	key.serializer = class org.apache.kafka.common.serialization.StringSerializer
	linger.ms = 0
	max.block.ms = 60000
	max.in.flight.requests.per.connection = 5
	max.request.size = 1048576
	metadata.max.age.ms = 300000
	metadata.max.idle.ms = 300000
	metadata.recovery.strategy = none
	metric.reporters = []
	metrics.num.samples = 2
	metrics.recording.level = INFO
	metrics.sample.window.ms = 30000
	partitioner.adaptive.partitioning.enable = true
	partitioner.availability.timeout.ms = 0
	partitioner.class = null
	partitioner.ignore.keys = false
	receive.buffer.bytes = 32768
	reconnect.backoff.max.ms = 1000
	reconnect.backoff.ms = 50
	request.timeout.ms = 30000
	retries = 2147483647
	retry.backoff.max.ms = 1000
	retry.backoff.ms = 100
	sasl.client.callback.handler.class = null
	sasl.jaas.config = null
	sasl.kerberos.kinit.cmd = /usr/bin/kinit
	sasl.kerberos.min.time.before.relogin = 60000
	sasl.kerberos.service.name = null
	sasl.kerberos.ticket.renew.jitter = 0.05
	sasl.kerberos.ticket.renew.window.factor = 0.8
	sasl.login.callback.handler.class = null
	sasl.login.class = null
	sasl.login.connect.timeout.ms = null
	sasl.login.read.timeout.ms = null
	sasl.login.refresh.buffer.seconds = 300
	sasl.login.refresh.min.period.seconds = 60
	sasl.login.refresh.window.factor = 0.8
	sasl.login.refresh.window.jitter = 0.05
	sasl.login.retry.backoff.max.ms = 10000
	sasl.login.retry.backoff.ms = 100
	sasl.mechanism = GSSAPI
	sasl.oauthbearer.clock.skew.seconds = 30
	sasl.oauthbearer.expected.audience = null
	sasl.oauthbearer.expected.issuer = null
	sasl.oauthbearer.header.urlencode = false
	sasl.oauthbearer.jwks.endpoint.refresh.ms = 3600000
	sasl.oauthbearer.jwks.endpoint.retry.backoff.max.ms = 10000
	sasl.oauthbearer.jwks.endpoint.retry.backoff.ms = 100
	sasl.oauthbearer.jwks.endpoint.url = null
	sasl.oauthbearer.scope.claim.name = scope
	sasl.oauthbearer.sub.claim.name = sub
	sasl.oauthbearer.token.endpoint.url = null
	security.protocol = PLAINTEXT
	security.providers = null
	send.buffer.bytes = 131072
	socket.connection.setup.timeout.max.ms = 30000
	socket.connection.setup.timeout.ms = 10000
	ssl.cipher.suites = null
	ssl.enabled.protocols = [TLSv1.2, TLSv1.3]
	ssl.endpoint.identification.algorithm = https
	ssl.engine.factory.class = null
	ssl.key.password = null
	ssl.keymanager.algorithm = SunX509
	ssl.keystore.certificate.chain = null
	ssl.keystore.key = null
	ssl.keystore.location = null
	ssl.keystore.password = null
	ssl.keystore.type = JKS
	ssl.protocol = TLSv1.3
	ssl.provider = null
	ssl.secure.random.implementation = null
	ssl.trustmanager.algorithm = PKIX
	ssl.truststore.certificates = null
	ssl.truststore.location = null
	ssl.truststore.password = null
	ssl.truststore.type = JKS
	transaction.timeout.ms = 60000
	transactional.id = null
	value.serializer = class org.springframework.kafka.support.serializer.JsonSerializer

2025-08-30 02:34:54 [http-nio-8080-exec-74] INFO  o.a.k.c.t.i.KafkaMetricsCollector - initializing Kafka metrics collector
2025-08-30 02:34:54 [http-nio-8080-exec-74] INFO  o.a.k.clients.producer.KafkaProducer - [Producer clientId=producer-1] Instantiated an idempotent producer.
2025-08-30 02:34:54 [http-nio-8080-exec-74] INFO  o.a.kafka.common.utils.AppInfoParser - Kafka version: 3.9.1
2025-08-30 02:34:54 [http-nio-8080-exec-74] INFO  o.a.kafka.common.utils.AppInfoParser - Kafka commitId: f745dfdcee2b9851
2025-08-30 02:34:54 [http-nio-8080-exec-74] INFO  o.a.kafka.common.utils.AppInfoParser - Kafka startTimeMs: 1756510494317
2025-08-30 02:34:54 [kafka-producer-network-thread | producer-1] INFO  org.apache.kafka.clients.Metadata - [Producer clientId=producer-1] Cluster ID: 5o6NDfBgTQu3214k8Sfbkw
2025-08-30 02:34:54 [kafka-producer-network-thread | producer-1] INFO  o.a.k.c.p.i.TransactionManager - [Producer clientId=producer-1] ProducerId set to 1 with epoch 0
2025-08-30 02:34:54 [org.springframework.kafka.KafkaListenerEndpointContainer#0-0-C-1] INFO  c.t.s.consumer.SensorDataConsumer - Received batch of 29 messages from Kafka
2025-08-30 02:34:54 [org.springframework.kafka.KafkaListenerEndpointContainer#0-0-C-1] INFO  c.t.s.consumer.SensorDataConsumer - Received batch of 71 messages from Kafka
2025-08-30 02:34:54 [pool-2-thread-7] INFO  c.t.s.s.SensorDataProcessingService - Processed message id=TK02 -> 1 reading, 1 events
2025-08-30 02:34:54 [pool-2-thread-5] INFO  c.t.s.s.SensorDataProcessingService - Processed message id=TK02 -> 1 reading, 1 events
2025-08-30 02:34:54 [pool-2-thread-1] INFO  c.t.s.s.SensorDataProcessingService - Processed message id=TK02 -> 1 reading, 1 events
2025-08-30 02:34:54 [pool-2-thread-3] INFO  c.t.s.s.SensorDataProcessingService - Processed message id=TK02 -> 1 reading, 1 events
2025-08-30 02:34:54 [pool-2-thread-2] INFO  c.t.s.s.SensorDataProcessingService - Processed message id=TK02 -> 1 reading, 1 events
2025-08-30 02:34:54 [pool-2-thread-9] INFO  c.t.s.s.SensorDataProcessingService - Processed message id=TK02 -> 1 reading, 1 events
2025-08-30 02:34:54 [pool-2-thread-4] INFO  c.t.s.s.SensorDataProcessingService - Processed message id=TK02 -> 1 reading, 1 events
2025-08-30 02:34:54 [pool-2-thread-6] INFO  c.t.s.s.SensorDataProcessingService - Processed message id=TK02 -> 1 reading, 1 events
2025-08-30 02:34:54 [pool-2-thread-8] INFO  c.t.s.s.SensorDataProcessingService - Processed message id=TK02 -> 1 reading, 1 events
2025-08-30 02:34:54 [pool-2-thread-10] INFO  c.t.s.s.SensorDataProcessingService - Processed message id=TK02 -> 1 reading, 1 events
2025-08-30 02:34:54 [pool-2-thread-7] INFO  c.t.s.s.SensorDataProcessingService - Processed message id=TK02 -> 1 reading, 1 events
2025-08-30 02:34:54 [pool-2-thread-9] INFO  c.t.s.s.SensorDataProcessingService - Processed message id=TK02 -> 1 reading, 1 events
2025-08-30 02:34:54 [pool-2-thread-3] INFO  c.t.s.s.SensorDataProcessingService - Processed message id=TK02 -> 1 reading, 1 events
2025-08-30 02:34:54 [pool-2-thread-5] INFO  c.t.s.s.SensorDataProcessingService - Processed message id=TK02 -> 1 reading, 1 events
2025-08-30 02:34:54 [pool-2-thread-10] INFO  c.t.s.s.SensorDataProcessingService - Processed message id=TK02 -> 1 reading, 1 events
2025-08-30 02:34:54 [pool-2-thread-1] INFO  c.t.s.s.SensorDataProcessingService - Processed message id=TK02 -> 1 reading, 1 events
2025-08-30 02:34:54 [pool-2-thread-8] INFO  c.t.s.s.SensorDataProcessingService - Processed message id=TK02 -> 1 reading, 1 events
2025-08-30 02:34:54 [pool-2-thread-2] INFO  c.t.s.s.SensorDataProcessingService - Processed message id=TK02 -> 1 reading, 1 events
2025-08-30 02:34:54 [pool-2-thread-6] INFO  c.t.s.s.SensorDataProcessingService - Processed message id=TK02 -> 1 reading, 1 events
2025-08-30 02:34:54 [pool-2-thread-4] INFO  c.t.s.s.SensorDataProcessingService - Processed message id=TK02 -> 1 reading, 1 events
2025-08-30 02:34:54 [pool-2-thread-9] INFO  c.t.s.s.SensorDataProcessingService - Processed message id=TK02 -> 1 reading, 1 events
2025-08-30 02:34:54 [pool-2-thread-6] INFO  c.t.s.s.SensorDataProcessingService - Processed message id=TK02 -> 1 reading, 1 events
2025-08-30 02:34:54 [pool-2-thread-4] INFO  c.t.s.s.SensorDataProcessingService - Processed message id=TK02 -> 1 reading, 1 events
2025-08-30 02:34:54 [pool-2-thread-8] INFO  c.t.s.s.SensorDataProcessingService - Processed message id=TK02 -> 1 reading, 1 events
2025-08-30 02:34:54 [pool-2-thread-10] INFO  c.t.s.s.SensorDataProcessingService - Processed message id=TK02 -> 1 reading, 1 events
2025-08-30 02:34:54 [pool-2-thread-7] INFO  c.t.s.s.SensorDataProcessingService - Processed message id=TK02 -> 1 reading, 1 events
2025-08-30 02:34:54 [pool-2-thread-5] INFO  c.t.s.s.SensorDataProcessingService - Processed message id=TK02 -> 1 reading, 1 events
2025-08-30 02:34:54 [pool-2-thread-2] INFO  c.t.s.s.SensorDataProcessingService - Processed message id=TK02 -> 1 reading, 1 events
2025-08-30 02:34:54 [pool-2-thread-3] INFO  c.t.s.s.SensorDataProcessingService - Processed message id=TK02 -> 1 reading, 1 events
2025-08-30 02:34:54 [pool-2-thread-1] INFO  c.t.s.s.SensorDataProcessingService - Processed message id=TK02 -> 1 reading, 1 events
2025-08-30 02:34:54 [pool-2-thread-9] INFO  c.t.s.s.SensorDataProcessingService - Processed message id=TK02 -> 1 reading, 1 events
2025-08-30 02:34:54 [pool-2-thread-8] INFO  c.t.s.s.SensorDataProcessingService - Processed message id=TK02 -> 1 reading, 1 events
2025-08-30 02:34:54 [pool-2-thread-6] INFO  c.t.s.s.SensorDataProcessingService - Processed message id=TK02 -> 1 reading, 1 events
2025-08-30 02:34:54 [pool-2-thread-5] INFO  c.t.s.s.SensorDataProcessingService - Processed message id=TK02 -> 1 reading, 1 events
2025-08-30 02:34:54 [pool-2-thread-4] INFO  c.t.s.s.SensorDataProcessingService - Processed message id=TK02 -> 1 reading, 1 events
2025-08-30 02:34:54 [pool-2-thread-7] INFO  c.t.s.s.SensorDataProcessingService - Processed message id=TK02 -> 1 reading, 1 events
2025-08-30 02:34:54 [pool-2-thread-10] INFO  c.t.s.s.SensorDataProcessingService - Processed message id=TK02 -> 1 reading, 1 events
2025-08-30 02:34:54 [pool-2-thread-2] INFO  c.t.s.s.SensorDataProcessingService - Processed message id=TK02 -> 1 reading, 1 events
2025-08-30 02:34:54 [pool-2-thread-1] INFO  c.t.s.s.SensorDataProcessingService - Processed message id=TK02 -> 1 reading, 1 events
2025-08-30 02:34:54 [pool-2-thread-3] INFO  c.t.s.s.SensorDataProcessingService - Processed message id=TK02 -> 1 reading, 1 events
2025-08-30 02:34:54 [pool-2-thread-6] INFO  c.t.s.s.SensorDataProcessingService - Processed message id=TK02 -> 1 reading, 1 events
2025-08-30 02:34:54 [pool-2-thread-8] INFO  c.t.s.s.SensorDataProcessingService - Processed message id=TK02 -> 1 reading, 1 events
2025-08-30 02:34:54 [pool-2-thread-9] INFO  c.t.s.s.SensorDataProcessingService - Processed message id=TK02 -> 1 reading, 1 events
2025-08-30 02:34:54 [pool-2-thread-10] INFO  c.t.s.s.SensorDataProcessingService - Processed message id=TK02 -> 1 reading, 1 events
2025-08-30 02:34:54 [pool-2-thread-5] INFO  c.t.s.s.SensorDataProcessingService - Processed message id=TK02 -> 1 reading, 1 events
2025-08-30 02:34:54 [pool-2-thread-4] INFO  c.t.s.s.SensorDataProcessingService - Processed message id=TK02 -> 1 reading, 1 events
2025-08-30 02:34:54 [pool-2-thread-2] INFO  c.t.s.s.SensorDataProcessingService - Processed message id=TK02 -> 1 reading, 1 events
2025-08-30 02:34:54 [pool-2-thread-3] INFO  c.t.s.s.SensorDataProcessingService - Processed message id=TK02 -> 1 reading, 1 events
2025-08-30 02:34:54 [pool-2-thread-7] INFO  c.t.s.s.SensorDataProcessingService - Processed message id=TK02 -> 1 reading, 1 events
2025-08-30 02:34:54 [pool-2-thread-1] INFO  c.t.s.s.SensorDataProcessingService - Processed message id=TK02 -> 1 reading, 1 events
2025-08-30 02:34:54 [pool-2-thread-6] INFO  c.t.s.s.SensorDataProcessingService - Processed message id=TK02 -> 1 reading, 1 events
2025-08-30 02:34:54 [pool-2-thread-9] INFO  c.t.s.s.SensorDataProcessingService - Processed message id=TK02 -> 1 reading, 1 events
2025-08-30 02:34:54 [pool-2-thread-5] INFO  c.t.s.s.SensorDataProcessingService - Processed message id=TK02 -> 1 reading, 1 events
2025-08-30 02:34:54 [pool-2-thread-10] INFO  c.t.s.s.SensorDataProcessingService - Processed message id=TK02 -> 1 reading, 1 events
2025-08-30 02:34:54 [pool-2-thread-4] INFO  c.t.s.s.SensorDataProcessingService - Processed message id=TK02 -> 1 reading, 1 events
2025-08-30 02:34:54 [pool-2-thread-7] INFO  c.t.s.s.SensorDataProcessingService - Processed message id=TK02 -> 1 reading, 1 events
2025-08-30 02:34:54 [pool-2-thread-2] INFO  c.t.s.s.SensorDataProcessingService - Processed message id=TK02 -> 1 reading, 1 events
2025-08-30 02:34:54 [pool-2-thread-8] INFO  c.t.s.s.SensorDataProcessingService - Processed message id=TK02 -> 1 reading, 1 events
2025-08-30 02:34:54 [pool-2-thread-3] INFO  c.t.s.s.SensorDataProcessingService - Processed message id=TK02 -> 1 reading, 1 events
2025-08-30 02:34:54 [pool-2-thread-1] INFO  c.t.s.s.SensorDataProcessingService - Processed message id=TK02 -> 1 reading, 1 events
2025-08-30 02:34:54 [pool-2-thread-6] INFO  c.t.s.s.SensorDataProcessingService - Processed message id=TK02 -> 1 reading, 1 events
2025-08-30 02:34:54 [pool-2-thread-5] INFO  c.t.s.s.SensorDataProcessingService - Processed message id=TK02 -> 1 reading, 1 events
2025-08-30 02:34:54 [pool-2-thread-9] INFO  c.t.s.s.SensorDataProcessingService - Processed message id=TK02 -> 1 reading, 1 events
2025-08-30 02:34:54 [pool-2-thread-10] INFO  c.t.s.s.SensorDataProcessingService - Processed message id=TK02 -> 1 reading, 1 events
2025-08-30 02:34:54 [pool-2-thread-8] INFO  c.t.s.s.SensorDataProcessingService - Processed message id=TK02 -> 1 reading, 1 events
2025-08-30 02:34:54 [pool-2-thread-3] INFO  c.t.s.s.SensorDataProcessingService - Processed message id=TK02 -> 1 reading, 1 events
2025-08-30 02:34:54 [pool-2-thread-2] INFO  c.t.s.s.SensorDataProcessingService - Processed message id=TK02 -> 1 reading, 1 events
2025-08-30 02:34:54 [pool-2-thread-7] INFO  c.t.s.s.SensorDataProcessingService - Processed message id=TK02 -> 1 reading, 1 events
2025-08-30 02:34:54 [pool-2-thread-4] INFO  c.t.s.s.SensorDataProcessingService - Processed message id=TK02 -> 1 reading, 1 events
2025-08-30 02:34:54 [pool-2-thread-1] INFO  c.t.s.s.SensorDataProcessingService - Processed message id=TK02 -> 1 reading, 1 events
2025-08-30 02:34:54 [pool-2-thread-6] INFO  c.t.s.s.SensorDataProcessingService - Processed message id=TK02 -> 1 reading, 1 events
2025-08-30 02:34:54 [pool-2-thread-5] INFO  c.t.s.s.SensorDataProcessingService - Processed message id=TK02 -> 1 reading, 1 events
2025-08-30 02:34:54 [pool-2-thread-9] INFO  c.t.s.s.SensorDataProcessingService - Processed message id=TK02 -> 1 reading, 1 events
2025-08-30 02:34:54 [pool-2-thread-3] INFO  c.t.s.s.SensorDataProcessingService - Processed message id=TK02 -> 1 reading, 1 events
2025-08-30 02:34:54 [pool-2-thread-2] INFO  c.t.s.s.SensorDataProcessingService - Processed message id=TK02 -> 1 reading, 1 events
2025-08-30 02:34:54 [pool-2-thread-10] INFO  c.t.s.s.SensorDataProcessingService - Processed message id=TK02 -> 1 reading, 1 events
2025-08-30 02:34:54 [pool-2-thread-4] INFO  c.t.s.s.SensorDataProcessingService - Processed message id=TK02 -> 1 reading, 1 events
2025-08-30 02:34:54 [pool-2-thread-8] INFO  c.t.s.s.SensorDataProcessingService - Processed message id=TK02 -> 1 reading, 1 events
2025-08-30 02:34:54 [pool-2-thread-7] INFO  c.t.s.s.SensorDataProcessingService - Processed message id=TK02 -> 1 reading, 1 events
2025-08-30 02:34:54 [pool-2-thread-1] INFO  c.t.s.s.SensorDataProcessingService - Processed message id=TK02 -> 1 reading, 1 events
2025-08-30 02:34:54 [pool-2-thread-6] INFO  c.t.s.s.SensorDataProcessingService - Processed message id=TK02 -> 1 reading, 1 events
2025-08-30 02:34:54 [pool-2-thread-5] INFO  c.t.s.s.SensorDataProcessingService - Processed message id=TK02 -> 1 reading, 1 events
2025-08-30 02:34:54 [pool-2-thread-4] INFO  c.t.s.s.SensorDataProcessingService - Processed message id=TK02 -> 1 reading, 1 events
2025-08-30 02:34:54 [pool-2-thread-8] INFO  c.t.s.s.SensorDataProcessingService - Processed message id=TK02 -> 1 reading, 1 events
2025-08-30 02:34:54 [pool-2-thread-2] INFO  c.t.s.s.SensorDataProcessingService - Processed message id=TK02 -> 1 reading, 1 events
2025-08-30 02:34:54 [pool-2-thread-10] INFO  c.t.s.s.SensorDataProcessingService - Processed message id=TK02 -> 1 reading, 1 events
2025-08-30 02:34:54 [pool-2-thread-9] INFO  c.t.s.s.SensorDataProcessingService - Processed message id=TK02 -> 1 reading, 1 events
2025-08-30 02:34:54 [pool-2-thread-7] INFO  c.t.s.s.SensorDataProcessingService - Processed message id=TK02 -> 1 reading, 1 events
2025-08-30 02:34:54 [pool-2-thread-3] INFO  c.t.s.s.SensorDataProcessingService - Processed message id=TK02 -> 1 reading, 1 events
2025-08-30 02:34:54 [pool-2-thread-1] INFO  c.t.s.s.SensorDataProcessingService - Processed message id=TK02 -> 1 reading, 1 events
2025-08-30 02:34:54 [pool-2-thread-6] INFO  c.t.s.s.SensorDataProcessingService - Processed message id=TK02 -> 1 reading, 1 events
2025-08-30 02:34:54 [pool-2-thread-5] INFO  c.t.s.s.SensorDataProcessingService - Processed message id=TK02 -> 1 reading, 1 events
2025-08-30 02:34:54 [pool-2-thread-9] INFO  c.t.s.s.SensorDataProcessingService - Processed message id=TK02 -> 1 reading, 1 events
2025-08-30 02:34:54 [pool-2-thread-8] INFO  c.t.s.s.SensorDataProcessingService - Processed message id=TK02 -> 1 reading, 1 events
2025-08-30 02:34:54 [pool-2-thread-4] INFO  c.t.s.s.SensorDataProcessingService - Processed message id=TK02 -> 1 reading, 1 events
2025-08-30 02:34:54 [pool-2-thread-2] INFO  c.t.s.s.SensorDataProcessingService - Processed message id=TK02 -> 1 reading, 1 events
2025-08-30 02:34:54 [pool-2-thread-7] INFO  c.t.s.s.SensorDataProcessingService - Processed message id=TK02 -> 1 reading, 1 events
2025-08-30 02:34:54 [pool-2-thread-10] INFO  c.t.s.s.SensorDataProcessingService - Processed message id=TK02 -> 1 reading, 1 events
2025-08-30 02:34:54 [pool-2-thread-1] INFO  c.t.s.s.SensorDataProcessingService - Processed message id=TK02 -> 1 reading, 1 events
2025-08-30 02:34:54 [pool-2-thread-3] INFO  c.t.s.s.SensorDataProcessingService - Processed message id=TK02 -> 1 reading, 1 events
2025-08-30 02:35:17 [org.springframework.kafka.KafkaListenerEndpointContainer#0-0-C-1] INFO  o.a.k.c.c.i.ConsumerRebalanceListenerInvoker - [Consumer clientId=consumer-sensor_data_interpreter_group-1, groupId=sensor_data_interpreter_group] Revoke previously assigned partitions turkish-cargo-sensors-0
2025-08-30 02:35:17 [org.springframework.kafka.KafkaListenerEndpointContainer#0-0-C-1] INFO  o.s.k.l.KafkaMessageListenerContainer - sensor_data_interpreter_group: partitions revoked: [turkish-cargo-sensors-0]
2025-08-30 02:35:17 [org.springframework.kafka.KafkaListenerEndpointContainer#0-0-C-1] INFO  o.a.k.c.c.i.ConsumerCoordinator - [Consumer clientId=consumer-sensor_data_interpreter_group-1, groupId=sensor_data_interpreter_group] Member consumer-sensor_data_interpreter_group-1-ebd74ac9-f450-4511-aa31-e2dc881f1b87 sending LeaveGroup request to coordinator localhost:9092 (id: 2147483646 rack: null) due to the consumer unsubscribed from all topics
2025-08-30 02:35:17 [org.springframework.kafka.KafkaListenerEndpointContainer#0-0-C-1] INFO  o.a.k.c.c.i.ConsumerCoordinator - [Consumer clientId=consumer-sensor_data_interpreter_group-1, groupId=sensor_data_interpreter_group] Resetting generation and member id due to: consumer pro-actively leaving the group
2025-08-30 02:35:17 [org.springframework.kafka.KafkaListenerEndpointContainer#0-0-C-1] INFO  o.a.k.c.c.i.ConsumerCoordinator - [Consumer clientId=consumer-sensor_data_interpreter_group-1, groupId=sensor_data_interpreter_group] Request joining group due to: consumer pro-actively leaving the group
2025-08-30 02:35:17 [org.springframework.kafka.KafkaListenerEndpointContainer#0-0-C-1] INFO  o.a.k.c.c.i.ClassicKafkaConsumer - [Consumer clientId=consumer-sensor_data_interpreter_group-1, groupId=sensor_data_interpreter_group] Unsubscribed all topics or patterns and assigned partitions
2025-08-30 02:35:17 [org.springframework.kafka.KafkaListenerEndpointContainer#0-0-C-1] INFO  o.a.k.c.c.i.ConsumerCoordinator - [Consumer clientId=consumer-sensor_data_interpreter_group-1, groupId=sensor_data_interpreter_group] Resetting generation and member id due to: consumer pro-actively leaving the group
2025-08-30 02:35:17 [org.springframework.kafka.KafkaListenerEndpointContainer#0-0-C-1] INFO  o.a.k.c.c.i.ConsumerCoordinator - [Consumer clientId=consumer-sensor_data_interpreter_group-1, groupId=sensor_data_interpreter_group] Request joining group due to: consumer pro-actively leaving the group
2025-08-30 02:35:17 [org.springframework.kafka.KafkaListenerEndpointContainer#0-0-C-1] INFO  o.a.kafka.common.metrics.Metrics - Metrics scheduler closed
2025-08-30 02:35:17 [org.springframework.kafka.KafkaListenerEndpointContainer#0-0-C-1] INFO  o.a.kafka.common.metrics.Metrics - Closing reporter org.apache.kafka.common.metrics.JmxReporter
2025-08-30 02:35:17 [org.springframework.kafka.KafkaListenerEndpointContainer#0-0-C-1] INFO  o.a.kafka.common.metrics.Metrics - Closing reporter org.apache.kafka.common.telemetry.internals.ClientTelemetryReporter
2025-08-30 02:35:17 [org.springframework.kafka.KafkaListenerEndpointContainer#0-0-C-1] INFO  o.a.kafka.common.metrics.Metrics - Metrics reporters closed
2025-08-30 02:35:17 [org.springframework.kafka.KafkaListenerEndpointContainer#0-0-C-1] INFO  o.a.kafka.common.utils.AppInfoParser - App info kafka.consumer for consumer-sensor_data_interpreter_group-1 unregistered
2025-08-30 02:35:17 [org.springframework.kafka.KafkaListenerEndpointContainer#0-0-C-1] INFO  o.s.k.l.KafkaMessageListenerContainer - sensor_data_interpreter_group: Consumer stopped
2025-08-30 02:35:17 [SpringApplicationShutdownHook] INFO  o.s.b.w.e.tomcat.GracefulShutdown - Commencing graceful shutdown. Waiting for active requests to complete
2025-08-30 02:35:17 [tomcat-shutdown] INFO  o.s.b.w.e.tomcat.GracefulShutdown - Graceful shutdown complete
2025-08-30 02:35:17 [SpringApplicationShutdownHook] INFO  o.a.k.clients.producer.KafkaProducer - [Producer clientId=producer-1] Closing the Kafka producer with timeoutMillis = 30000 ms.
2025-08-30 02:35:17 [SpringApplicationShutdownHook] INFO  o.a.kafka.common.metrics.Metrics - Metrics scheduler closed
2025-08-30 02:35:17 [SpringApplicationShutdownHook] INFO  o.a.kafka.common.metrics.Metrics - Closing reporter org.apache.kafka.common.metrics.JmxReporter
2025-08-30 02:35:17 [SpringApplicationShutdownHook] INFO  o.a.kafka.common.metrics.Metrics - Closing reporter org.apache.kafka.common.telemetry.internals.ClientTelemetryReporter
2025-08-30 02:35:17 [SpringApplicationShutdownHook] INFO  o.a.kafka.common.metrics.Metrics - Metrics reporters closed
2025-08-30 02:35:17 [SpringApplicationShutdownHook] INFO  o.a.kafka.common.utils.AppInfoParser - App info kafka.producer for producer-1 unregistered
2025-08-30 02:35:17 [SpringApplicationShutdownHook] INFO  o.s.o.j.LocalContainerEntityManagerFactoryBean - Closing JPA EntityManagerFactory for persistence unit 'default'
2025-08-30 02:35:17 [SpringApplicationShutdownHook] INFO  o.s.o.j.LocalContainerEntityManagerFactoryBean - Closing JPA EntityManagerFactory for persistence unit 'default'
2025-08-30 02:35:17 [SpringApplicationShutdownHook] INFO  com.zaxxer.hikari.HikariDataSource - HikariPool-1 - Shutdown initiated...
2025-08-30 02:35:17 [SpringApplicationShutdownHook] INFO  com.zaxxer.hikari.HikariDataSource - HikariPool-1 - Shutdown completed.
2025-08-30 02:35:17 [SpringApplicationShutdownHook] INFO  com.zaxxer.hikari.HikariDataSource - HikariPool-2 - Shutdown initiated...
2025-08-30 02:35:17 [SpringApplicationShutdownHook] INFO  com.zaxxer.hikari.HikariDataSource - HikariPool-2 - Shutdown completed.
